<component name="libraryTable">
  <library name="JUnit">
    <CLASSES>
      <root url="jar://$PROJECT_DIR$/common/lib/junit4.7/junit-4.7.jar!/" />
    </CLASSES>
    <JAVADOC />
    <SOURCES />
  </library>
</component>