<?xml version="1.0" encoding="UTF-8"?><shared:PATIENT xmlns:shared="sharedUri" xmlns:bios="biosUri">
    <shared:BARCODE>1234</shared:BARCODE>
    <shared:DAYSTOBIRTH cde="1234" owner="TEST" precision="day" procurement_status="Completed" tier="1" xsd_ver="1.16">-365</shared:DAYSTOBIRTH>
    <shared:DAYSTODEATH cde="5678" owner="TEST" precision="day" procurement_status="Completed" tier="1" xsd_ver="1.16">365</shared:DAYSTODEATH>
    <shared:DAYSTOSQUIRREL cde="" owner="TEST" precision="day" procurement_status="Completed" tier="Q" xsd_ver="2.9">365</shared:DAYSTOSQUIRREL>
    <shared:DAYSTOINITIALDIAGNOSIS cde="" owner="TSS" precision="day" procurement_status="Completed" xsd_ver="1.16">0</shared:DAYSTOINITIALDIAGNOSIS>
    <shared:AGEATINITIALDIAGNOSIS cde="000" owner="TEST" procurement_status="Completed" tier="1" xsd_ver="1.16">1</shared:AGEATINITIALDIAGNOSIS>
    <shared:YEAROFINITIALDIAGNOSIS owner="TSS" procurement_status="completed" xsd_ver="1.0">1946</shared:YEAROFINITIALDIAGNOSIS>
    <bios:SAMPLE>
        <bios:DAYSTOCOLLECTION cde="" owner="TSS" precision="day" procurement_status="Completed" xsd_ver="1.16">-180</bios:DAYSTOCOLLECTION>
    </bios:SAMPLE>
    <bios:SAMPLE>
        <bios:DAYSTOCOLLECTION cde="" owner="TSS" precision="day" procurement_status="Completed" xsd_ver="1.16">-180</bios:DAYSTOCOLLECTION>
    </bios:SAMPLE>
</shared:PATIENT>