<shared:PATIENT xmlns:shared="sharedUri" xmlns:bios="biosUri">
    <shared:BARCODE>1234</shared:BARCODE>
    <shared:DAYOFBIRTH procurement_status="HELLO" owner="TEST" tier="1" xsd_ver="1.1">9</shared:DAYOFBIRTH>
    <shared:MONTHOFBIRTH procurement_status="HELLO" owner="TEST" tier="1" xsd_ver="1.1">12</shared:MONTHOFBIRTH>
    <shared:YEAROFBIRTH procurement_status="HELLO" owner="TEST" tier="1" xsd_ver="1.1">1945</shared:YEAROFBIRTH>
    <shared:DAYOFDEATH procurement_status="GOODBYE" owner="TEST" tier="1" xsd_ver="1.9">9</shared:DAYOFDEATH>
    <shared:MONTHOFDEATH procurement_status="GOODBYE" owner="TEST" tier="1" xsd_ver="1.9">12</shared:MONTHOFDEATH>
    <shared:YEAROFDEATH procurement_status="GOODBYE" owner="TEST" tier="1" xsd_ver="1.9">1947</shared:YEAROFDEATH>
    <shared:DAYOFSQUIRREL procurement_status="ACORN" owner="TEST" tier="Q" xsd_ver="2.9">9</shared:DAYOFSQUIRREL>
    <shared:MONTHOFSQUIRREL procurement_status="ACORN" owner="TEST" tier="Q" xsd_ver="2.9">12</shared:MONTHOFSQUIRREL>
    <shared:YEAROFSQUIRREL procurement_status="ACORN" owner="TEST" tier="Q" xsd_ver="2.9">1947</shared:YEAROFSQUIRREL>
    <shared:DAYOFINITIALDIAGNOSIS procurement_status="completed" owner="TSS" xsd_ver="1.0">9</shared:DAYOFINITIALDIAGNOSIS>
    <shared:MONTHOFINITIALDIAGNOSIS procurement_status="completed" owner="TSS" xsd_ver="1.0">12</shared:MONTHOFINITIALDIAGNOSIS>
    <shared:YEAROFINITIALDIAGNOSIS procurement_status="completed" owner="TSS" xsd_ver="1.0">1946</shared:YEAROFINITIALDIAGNOSIS>
    <bios:SAMPLE>
        <bios:DAYOFCOLLECTION procurement_status="completed" owner="TSS">12</bios:DAYOFCOLLECTION>
        <bios:MONTHOFCOLLECTION procurement_status="completed" owner="TSS">6</bios:MONTHOFCOLLECTION>
        <bios:YEAROFCOLLECTION procurement_status="completed" owner="TSS">1946</bios:YEAROFCOLLECTION>
    </bios:SAMPLE>
    <bios:SAMPLE>
        <bios:DAYOFCOLLECTION procurement_status="completed" owner="TSS">12</bios:DAYOFCOLLECTION>
        <bios:MONTHOFCOLLECTION procurement_status="completed" owner="TSS">6</bios:MONTHOFCOLLECTION>
        <bios:YEAROFCOLLECTION procurement_status="completed" owner="TSS">1946</bios:YEAROFCOLLECTION>
    </bios:SAMPLE>
</shared:PATIENT>
